<?xml version="1.0" encoding="UTF-8"?>
<!-- Generated by org.testng.reporters.JUnitReportReporter -->
<testsuite skipped="0" hostname="SYS_1" name="com.testcases.Tc_01_CreateNewUser" tests="1" failures="0" timestamp="13 Dec 2019 03:12:10 GMT" time="15.450" errors="0">
  <testcase name="Tc_01_CreateNewUser" time="15.450" classname="com.testcases.Tc_01_CreateNewUser"/>
</testsuite> <!-- com.testcases.Tc_01_CreateNewUser -->
